<<<<<<< HEAD
This is pdfTeX, Version 3.14159265-2.6-1.40.18 (MiKTeX 2.9.6350 64-bit) (preloaded format=pdflatex 2017.10.30)  21 APR 2018 08:01
=======
This is pdfTeX, Version 3.14159265-2.6-1.40.18 (MiKTeX 2.9.6350 64-bit) (preloaded format=pdflatex 2017.8.18)  21 APR 2018 14:47
>>>>>>> caaf9ebbe3885a4c22467199c00d37cea4563b6b
entering extended mode
**./report.tex
(report.tex
LaTeX2e <2017-04-15>
Babel <3.10> and hyphenation patterns for 75 language(s) loaded.
("C:\Program Files\MiKTeX 2.9\tex\latex\elsarticle\elsarticle.cls"
Document Class: elsarticle 2009/09/17, 1.2.0: Elsevier Ltd
\@bls=\dimen102
("C:\Program Files\MiKTeX 2.9\tex\latex\base\article.cls"
Document Class: article 2014/09/29 v1.4h Standard LaTeX document class
("C:\Program Files\MiKTeX 2.9\tex\latex\base\size12.clo"
File: size12.clo 2014/09/29 v1.4h Standard LaTeX file (size option)
)
\c@part=\count79
\c@section=\count80
\c@subsection=\count81
\c@subsubsection=\count82
\c@paragraph=\count83
\c@subparagraph=\count84
\c@figure=\count85
\c@table=\count86
\abovecaptionskip=\skip41
\belowcaptionskip=\skip42
\bibindent=\dimen103
)
("C:\Program Files\MiKTeX 2.9\tex\latex\graphics\graphicx.sty"
Package: graphicx 2014/10/28 v1.0g Enhanced LaTeX Graphics (DPC,SPQR)

("C:\Program Files\MiKTeX 2.9\tex\latex\graphics\keyval.sty"
Package: keyval 2014/10/28 v1.15 key=value parser (DPC)
\KV@toks@=\toks14
)
("C:\Program Files\MiKTeX 2.9\tex\latex\graphics\graphics.sty"
Package: graphics 2017/04/14 v1.1b Standard LaTeX Graphics (DPC,SPQR)

("C:\Program Files\MiKTeX 2.9\tex\latex\graphics\trig.sty"
Package: trig 2016/01/03 v1.10 sin cos tan (DPC)
)
("C:\Program Files\MiKTeX 2.9\tex\latex\graphics-cfg\graphics.cfg"
File: graphics.cfg 2016/06/04 v1.11 sample graphics configuration
)
Package graphics Info: Driver file: pdftex.def on input line 99.

("C:\Program Files\MiKTeX 2.9\tex\latex\graphics-def\pdftex.def"
File: pdftex.def 2017/01/12 v0.06k Graphics/color for pdfTeX

("C:\Program Files\MiKTeX 2.9\tex\generic\oberdiek\infwarerr.sty"
Package: infwarerr 2016/05/16 v1.4 Providing info/warning/error messages (HO)
)
("C:\Program Files\MiKTeX 2.9\tex\generic\oberdiek\ltxcmds.sty"
Package: ltxcmds 2016/05/16 v1.23 LaTeX kernel commands for general use (HO)
)
\Gread@gobject=\count87
))
\Gin@req@height=\dimen104
\Gin@req@width=\dimen105
)
("C:\Program Files\MiKTeX 2.9\tex\latex\psnfss\pifont.sty"
Package: pifont 2005/04/12 PSNFSS-v9.2a Pi font support (SPQR) 
LaTeX Font Info:    Try loading font information for U+pzd on input line 63.

("C:\Program Files\MiKTeX 2.9\tex\latex\psnfss\upzd.fd"
File: upzd.fd 2001/06/04 font definitions for U/pzd.
)
LaTeX Font Info:    Try loading font information for U+psy on input line 64.

("C:\Program Files\MiKTeX 2.9\tex\latex\psnfss\upsy.fd"
File: upsy.fd 2001/06/04 font definitions for U/psy.
))
\c@tnote=\count88
\c@fnote=\count89
\c@cnote=\count90
\c@ead=\count91
\c@author=\count92
\@eadauthor=\toks15
\c@affn=\count93
\absbox=\box26
\keybox=\box27
\Columnwidth=\dimen106
\space@left=\dimen107
\els@boxa=\box28
\els@boxb=\box29
\leftMargin=\dimen108
\@enLab=\toks16
\@sep=\skip43
\@@sep=\skip44
 (report.spl)
("C:\Program Files\MiKTeX 2.9\tex\latex\natbib\natbib.sty"
Package: natbib 2010/09/13 8.31b (PWD, AO)
\bibhang=\skip45
\bibsep=\skip46
LaTeX Info: Redefining \cite on input line 694.
\c@NAT@ctr=\count94
)
\splwrite=\write3
\openout3 = `report.spl'.


("C:\Program Files\MiKTeX 2.9\tex\latex\geometry\geometry.sty"
Package: geometry 2010/09/12 v5.6 Page Geometry

("C:\Program Files\MiKTeX 2.9\tex\generic\oberdiek\ifpdf.sty"
Package: ifpdf 2017/03/15 v3.2 Provides the ifpdf switch
)
("C:\Program Files\MiKTeX 2.9\tex\generic\oberdiek\ifvtex.sty"
Package: ifvtex 2016/05/16 v1.6 Detect VTeX and its facilities (HO)
Package ifvtex Info: VTeX not detected.
)
("C:\Program Files\MiKTeX 2.9\tex\generic\ifxetex\ifxetex.sty"
Package: ifxetex 2010/09/12 v0.6 Provides ifxetex conditional
)
\Gm@cnth=\count95
\Gm@cntv=\count96
\c@Gm@tempcnt=\count97
\Gm@bindingoffset=\dimen109
\Gm@wd@mp=\dimen110
\Gm@odd@mp=\dimen111
\Gm@even@mp=\dimen112
\Gm@layoutwidth=\dimen113
\Gm@layoutheight=\dimen114
\Gm@layouthoffset=\dimen115
\Gm@layoutvoffset=\dimen116
\Gm@dimlist=\toks17

("C:\Program Files\MiKTeX 2.9\tex\latex\geometry\geometry.cfg")))
("C:\Program Files\MiKTeX 2.9\tex\latex\graphics\color.sty"
Package: color 2016/07/10 v1.1e Standard LaTeX Color (DPC)

("C:\Program Files\MiKTeX 2.9\tex\latex\graphics-cfg\color.cfg"
File: color.cfg 2016/01/02 v1.6 sample color configuration
)
Package color Info: Driver file: pdftex.def on input line 147.
)
("C:\Program Files\MiKTeX 2.9\tex\latex\framed\framed.sty"
Package: framed 2011/10/22 v 0.96: framed or shaded text with page breaks
\OuterFrameSep=\skip47
\fb@frw=\dimen117
\fb@frh=\dimen118
\FrameRule=\dimen119
\FrameSep=\dimen120
)
("C:\Program Files\MiKTeX 2.9\tex\latex\base\alltt.sty"
Package: alltt 1997/06/16 v2.0g defines alltt environment
)
("C:\Program Files\MiKTeX 2.9\tex\latex\amsfonts\amssymb.sty"
Package: amssymb 2013/01/14 v3.01 AMS font symbols

("C:\Program Files\MiKTeX 2.9\tex\latex\amsfonts\amsfonts.sty"
Package: amsfonts 2013/01/14 v3.01 Basic AMSFonts support
\@emptytoks=\toks18
\symAMSa=\mathgroup4
\symAMSb=\mathgroup5
LaTeX Font Info:    Overwriting math alphabet `\mathfrak' in version `bold'
(Font)                  U/euf/m/n --> U/euf/b/n on input line 106.
))
("C:\Program Files\MiKTeX 2.9\tex\latex\lineno\lineno.sty"
Package: lineno 2005/11/02 line numbers on paragraphs v4.41
\linenopenalty=\count98
\output=\toks19
\linenoprevgraf=\count99
\linenumbersep=\dimen121
\linenumberwidth=\dimen122
\c@linenumber=\count100
\c@pagewiselinenumber=\count101
\c@LN@truepage=\count102
\c@internallinenumber=\count103
\c@internallinenumbers=\count104
\quotelinenumbersep=\dimen123
\bframerule=\dimen124
\bframesep=\dimen125
\bframebox=\box30
LaTeX Info: Redefining \\ on input line 3056.
)
("C:\Program Files\MiKTeX 2.9\tex\latex\upquote\upquote.sty"
Package: upquote 2012/04/19 v1.3 upright-quote and grave-accent glyphs in verba
tim
) (report.aux)
\openout1 = `report.aux'.

LaTeX Font Info:    Checking defaults for OML/cmm/m/it on input line 73.
LaTeX Font Info:    ... okay on input line 73.
LaTeX Font Info:    Checking defaults for T1/cmr/m/n on input line 73.
LaTeX Font Info:    ... okay on input line 73.
LaTeX Font Info:    Checking defaults for OT1/cmr/m/n on input line 73.
LaTeX Font Info:    ... okay on input line 73.
LaTeX Font Info:    Checking defaults for OMS/cmsy/m/n on input line 73.
LaTeX Font Info:    ... okay on input line 73.
LaTeX Font Info:    Checking defaults for OMX/cmex/m/n on input line 73.
LaTeX Font Info:    ... okay on input line 73.
LaTeX Font Info:    Checking defaults for U/cmr/m/n on input line 73.
LaTeX Font Info:    ... okay on input line 73.

("C:\Program Files\MiKTeX 2.9\tex\context\base\supp-pdf.mkii"
[Loading MPS to PDF converter (version 2006.09.02).]
\scratchcounter=\count105
\scratchdimen=\dimen126
\scratchbox=\box31
\nofMPsegments=\count106
\nofMParguments=\count107
\everyMPshowfont=\toks20
\MPscratchCnt=\count108
\MPscratchDim=\dimen127
\MPnumerator=\count109
\makeMPintoPDFobject=\count110
\everyMPtoPDFconversion=\toks21
) ("C:\Program Files\MiKTeX 2.9\tex\generic\oberdiek\pdftexcmds.sty"
Package: pdftexcmds 2017/03/19 v0.25 Utility functions of pdfTeX for LuaTeX (HO
)

("C:\Program Files\MiKTeX 2.9\tex\generic\oberdiek\ifluatex.sty"
Package: ifluatex 2016/05/16 v1.4 Provides the ifluatex switch (HO)
Package ifluatex Info: LuaTeX not detected.
)
Package pdftexcmds Info: LuaTeX not detected.
Package pdftexcmds Info: \pdf@primitive is available.
Package pdftexcmds Info: \pdf@ifprimitive is available.
Package pdftexcmds Info: \pdfdraftmode found.
)
("C:\Program Files\MiKTeX 2.9\tex\latex\oberdiek\epstopdf-base.sty"
Package: epstopdf-base 2016/05/15 v2.6 Base part for package epstopdf

("C:\Program Files\MiKTeX 2.9\tex\latex\oberdiek\grfext.sty"
Package: grfext 2016/05/16 v1.2 Manage graphics extensions (HO)

("C:\Program Files\MiKTeX 2.9\tex\generic\oberdiek\kvdefinekeys.sty"
Package: kvdefinekeys 2016/05/16 v1.4 Define keys (HO)
))
("C:\Program Files\MiKTeX 2.9\tex\latex\oberdiek\kvoptions.sty"
Package: kvoptions 2016/05/16 v3.12 Key value format for package options (HO)

("C:\Program Files\MiKTeX 2.9\tex\generic\oberdiek\kvsetkeys.sty"
Package: kvsetkeys 2016/05/16 v1.17 Key value parser (HO)

("C:\Program Files\MiKTeX 2.9\tex\generic\oberdiek\etexcmds.sty"
Package: etexcmds 2016/05/16 v1.6 Avoid name clashes with e-TeX commands (HO)
Package etexcmds Info: Could not find \expanded.
(etexcmds)             That can mean that you are not using pdfTeX 1.50 or
(etexcmds)             that some package has redefined \expanded.
(etexcmds)             In the latter case, load this package earlier.
)))
Package epstopdf-base Info: Redefining graphics rule for `.eps' on input line 4
38.
Package grfext Info: Graphics extension search list:
(grfext)             [.png,.pdf,.jpg,.mps,.jpeg,.jbig2,.jb2,.PNG,.PDF,.JPG,.JPE
G,.JBIG2,.JB2,.eps]
(grfext)             \AppendGraphicsExtensions on input line 456.
)
*geometry* driver: auto-detecting
*geometry* detected driver: pdftex
*geometry* verbose mode - [ preamble ] result:
* driver: pdftex
* paper: custom
* layout: <same size as paper>
* layoutoffset:(h,v)=(0.0pt,0.0pt)
* hratio: 1:1
* vratio: 1:1
* modes: 
* h-part:(L,W,R)=(106.75394pt, 384.0pt, 106.75394pt)
* v-part:(T,H,B)=(141.52342pt, 562.0pt, 141.52342pt)
* \paperwidth=597.50787pt
* \paperheight=845.04684pt
* \textwidth=384.0pt
* \textheight=562.0pt
* \oddsidemargin=34.48395pt
* \evensidemargin=34.48395pt
* \topmargin=7.25343pt
* \headheight=50.0pt
* \headsep=12.0pt
* \topskip=12.0pt
* \footskip=12.0pt
* \marginparwidth=44.0pt
* \marginparsep=10.0pt
* \columnsep=10.0pt
* \skip\footins=24.0pt plus 2.0pt minus 12.0pt
* \hoffset=0.0pt
* \voffset=0.0pt
* \mag=1000
* \@twocolumnfalse
* \@twosidefalse
* \@mparswitchfalse
* \@reversemarginfalse
* (1in=72.27pt=25.4mm, 1cm=28.453pt)

LaTeX Font Info:    Try loading font information for U+msa on input line 91.
("C:\Program Files\MiKTeX 2.9\tex\latex\amsfonts\umsa.fd"
File: umsa.fd 2013/01/14 v3.01 AMS symbols A
)
LaTeX Font Info:    Try loading font information for U+msb on input line 91.

("C:\Program Files\MiKTeX 2.9\tex\latex\amsfonts\umsb.fd"
File: umsb.fd 2013/01/14 v3.01 AMS symbols B
) [1

{C:/ProgramData/MiKTeX/2.9/pdftex/config/pdftex.map}]
LaTeX Font Info:    Try loading font information for OMS+cmr on input line 107.


("C:\Program Files\MiKTeX 2.9\tex\latex\base\omscmr.fd"
File: omscmr.fd 2014/09/29 v2.5h Standard LaTeX font definitions
)
LaTeX Font Info:    Font shape `OMS/cmr/m/n' in size <12> not available
(Font)              Font shape `OMS/cmsy/m/n' tried instead on input line 107.

<<<<<<< HEAD
<pea_locations.png, id=9, 185.19188pt x 176.91093pt>
File: pea_locations.png Graphic file (type png)
 <use pea_locations.png>
Package pdftex.def Info: pea_locations.png used on input line 130.
(pdftex.def)             Requested size: 199.16928pt x 190.26732pt.

[2] <figure/blocking_arrangment.png, id=14, 309.03516pt x 120.80956pt>
=======
<blocks.png, id=9, 189.40762pt x 109.91063pt>
File: blocks.png Graphic file (type png)
 <use blocks.png>
Package pdftex.def Info: blocks.png used on input line 130.
(pdftex.def)             Requested size: 199.16928pt x 115.57558pt.
 [2]
<figure/blocking_arrangment.png, id=15, 309.03516pt x 120.80956pt>
>>>>>>> caaf9ebbe3885a4c22467199c00d37cea4563b6b
File: figure/blocking_arrangment.png Graphic file (type png)

<use figure/blocking_arrangment.png>
Package pdftex.def Info: figure/blocking_arrangment.png used on input line 141.

(pdftex.def)             Requested size: 199.16928pt x 77.8598pt.
<<<<<<< HEAD


LaTeX Warning: `!h' float specifier changed to `!ht'.

[3 <./pea_locations.png>] <figure/setup.JPG, id=21, 4047.12pt x 3035.34pt>
=======
 [3 <./blocks.png> <./figure/blocking_arrangment.png>] <figure/setup.JPG, id=23
, 4047.12pt x 3035.34pt>
>>>>>>> caaf9ebbe3885a4c22467199c00d37cea4563b6b
File: figure/setup.JPG Graphic file (type jpg)

<use figure/setup.JPG>
Package pdftex.def Info: figure/setup.JPG used on input line 150.
(pdftex.def)             Requested size: 199.16928pt x 149.36748pt.

Underfull \hbox (badness 10000) in paragraph at lines 159--161

 []

<<<<<<< HEAD
[4 <./figure/blocking_arrangment.png> <./figure/setup.JPG>]
<figure/initial_growth.JPG, id=28, 4047.12pt x 3035.34pt>
=======
[4 <./figure/setup.JPG>]
<figure/initial_growth.JPG, id=29, 4047.12pt x 3035.34pt>
>>>>>>> caaf9ebbe3885a4c22467199c00d37cea4563b6b
File: figure/initial_growth.JPG Graphic file (type jpg)

<use figure/initial_growth.JPG>
Package pdftex.def Info: figure/initial_growth.JPG used on input line 178.
(pdftex.def)             Requested size: 113.81102pt x 85.31314pt.

<<<<<<< HEAD
<figure/lategrowth.JPG, id=29, 4047.12pt x 3035.34pt>
=======
<figure/lategrowth.JPG, id=30, 4047.12pt x 3035.34pt>
>>>>>>> caaf9ebbe3885a4c22467199c00d37cea4563b6b
File: figure/lategrowth.JPG Graphic file (type jpg)

<use figure/lategrowth.JPG>
Package pdftex.def Info: figure/lategrowth.JPG used on input line 179.
(pdftex.def)             Requested size: 113.81102pt x 85.31314pt.
<<<<<<< HEAD
 <figure/2weeks.JPG, id=30, 4047.12pt x 3035.34pt>
=======
 <figure/2weeks.JPG, id=31, 4047.12pt x 3035.34pt>
>>>>>>> caaf9ebbe3885a4c22467199c00d37cea4563b6b
File: figure/2weeks.JPG Graphic file (type jpg)

<use figure/2weeks.JPG>
Package pdftex.def Info: figure/2weeks.JPG used on input line 180.
(pdftex.def)             Requested size: 113.81102pt x 85.31314pt.
<<<<<<< HEAD
 [5 <./figure/initial_growth.JPG> <./figure/lategrowth.JPG> <./figure/2weeks.JP
G>]
Package color Info: Redefining color shadecolor on input line 198.
 <figure/eda-1.pdf, id=35, 505.89pt x 289.08pt>
=======
Package color Info: Redefining color shadecolor on input line 198.
 <figure/eda-1.pdf, id=32, 505.89pt x 289.08pt>
>>>>>>> caaf9ebbe3885a4c22467199c00d37cea4563b6b
File: figure/eda-1.pdf Graphic file (type pdf)

<use figure/eda-1.pdf>
Package pdftex.def Info: figure/eda-1.pdf used on input line 199.
(pdftex.def)             Requested size: 384.0pt x 219.434pt.
<<<<<<< HEAD
Package color Info: Redefining color shadecolor on input line 208.
 <figure/block_bean-1.pdf, id=36, 505.89pt x 289.08pt>
=======
 [5 <./figure/initial_growth.JPG> <./figure/lategrowth.JPG> <./figure/2weeks.JP
G>]
Package color Info: Redefining color shadecolor on input line 208.

<figure/block_bean-1.pdf, id=37, 505.89pt x 289.08pt>
>>>>>>> caaf9ebbe3885a4c22467199c00d37cea4563b6b
File: figure/block_bean-1.pdf Graphic file (type pdf)

<use figure/block_bean-1.pdf>
Package pdftex.def Info: figure/block_bean-1.pdf used on input line 209.
(pdftex.def)             Requested size: 384.0pt x 219.434pt.
Package color Info: Redefining color shadecolor on input line 220.

<<<<<<< HEAD
<figure/germination_rates-1.pdf, id=37, 505.89pt x 289.08pt>
=======
<figure/germination_rates-1.pdf, id=38, 505.89pt x 289.08pt>
>>>>>>> caaf9ebbe3885a4c22467199c00d37cea4563b6b
File: figure/germination_rates-1.pdf Graphic file (type pdf)

<use figure/germination_rates-1.pdf>
Package pdftex.def Info: figure/germination_rates-1.pdf used on input line 221.

(pdftex.def)             Requested size: 384.0pt x 219.434pt.
 [6 <./figure/eda-1.pdf>] [7 <./figure/block_bean-1.pdf> <./figure/germination_
rates-1.pdf>]
Package color Info: Redefining color shadecolor on input line 254.

<<<<<<< HEAD
<figure/model_-1.pdf, id=63, 505.89pt x 289.08pt>
=======
<figure/model_-1.pdf, id=64, 505.89pt x 289.08pt>
>>>>>>> caaf9ebbe3885a4c22467199c00d37cea4563b6b
File: figure/model_-1.pdf Graphic file (type pdf)
 <use figure/model_-1.pdf>
Package pdftex.def Info: figure/model_-1.pdf used on input line 255.
(pdftex.def)             Requested size: 384.0pt x 219.434pt.

[8] [9 <./figure/model_-1.pdf>] [10]
Underfull \hbox (badness 10000) in paragraph at lines 300--302

 []


Overfull \hbox (228.4872pt too wide) in paragraph at lines 303--305
\OT1/cmr/m/n/12 Re-gres-sion, Sec-ond Edi-tion. Thou-sand Oaks CA: Sage. URL: h
ttp://socserv.socsci.mcmaster.ca/jfox/Books/Companion
 []


Underfull \hbox (badness 10000) in paragraph at lines 303--305

 []


Underfull \hbox (badness 10000) in paragraph at lines 303--305

 []


Underfull \hbox (badness 10000) in paragraph at lines 306--308

 []


Underfull \hbox (badness 10000) in paragraph at lines 310--312

 []


Underfull \hbox (badness 10000) in paragraph at lines 313--317

 []


Underfull \hbox (badness 10000) in paragraph at lines 318--320

 []


Overfull \hbox (5.32887pt too wide) in paragraph at lines 321--323
[]\OT1/cmr/m/n/12 Roland, M. (2013). "The Ef-fects of Vi-ta-min Wa-ter on Pea P
lant Growth".
 []


Overfull \hbox (14.87364pt too wide) in paragraph at lines 321--323
\OT1/cmr/m/n/12 Re-trieved from https://prezi.com/domu2sdet-w5/the-effects-of-v
itamin-water-
 []


Underfull \hbox (badness 10000) in paragraph at lines 321--323

 []


Underfull \hbox (badness 10000) in paragraph at lines 321--323

 []

! Misplaced alignment tab character &.
l.324 ...ouglas, C., Hofman, S., Greenstein, E., &
                                                   Reilly, A. (2003). "Pea P...
I can't figure out why you would want to use a tab mark
here. If you just want an ampersand, the remedy is
simple: Just type `I\&' now. But if some right brace
up above has ended a previous alignment prematurely,
you're probably due for more error messages, and you
might try typing `S' now just to see what is salvageable.


Overfull \hbox (94.43813pt too wide) in paragraph at lines 324--326
\OT1/cmr/m/n/12 "Pea Plant Ex-per-i-ments." Re-trieved from http://web.mph.net/
academic/science/mvural/Life  
 []


Underfull \hbox (badness 10000) in paragraph at lines 324--326

 []


Underfull \hbox (badness 10000) in paragraph at lines 327--329

 []


Overfull \hbox (13.90703pt too wide) in paragraph at lines 330--334
[]\OT1/cmr/m/n/12 Tayeh, N., G. Aubert, M.L. Pilet-Nayel, I. Lejeune-Henaut, T.
D. Warkentin
 []


Underfull \hbox (badness 10000) in paragraph at lines 330--334

 []


Underfull \hbox (badness 10000) in paragraph at lines 330--334

 []

[11]
Underfull \hbox (badness 10000) in paragraph at lines 335--338

 []

[12] (report.aux) ) 
Here is how much of TeX's memory you used:
 3270 strings out of 493323
<<<<<<< HEAD
 44516 string characters out of 3139065
 112890 words of memory out of 3000000
=======
 44481 string characters out of 3139066
 114890 words of memory out of 3000000
>>>>>>> caaf9ebbe3885a4c22467199c00d37cea4563b6b
 6731 multiletter control sequences out of 15000+200000
 10274 words of font info for 38 fonts, out of 3000000 for 9000
 1141 hyphenation exceptions out of 8191
 39i,9n,30p,1027b,244s stack positions out of 5000i,500n,10000p,200000b,50000s
<C:/Program Files/MiKTeX 2.9/fonts/type1/public/amsfonts/cm/
cmbx12.pfb><C:/Program Files/MiKTeX 2.9/fonts/type1/public/amsfonts/cm/cmmi12.p
fb><C:/Program Files/MiKTeX 2.9/fonts/type1/public/amsfonts/cm/cmmi8.pfb><C:/Pr
ogram Files/MiKTeX 2.9/fonts/type1/public/amsfonts/cm/cmr10.pfb><C:/Program Fil
es/MiKTeX 2.9/fonts/type1/public/amsfonts/cm/cmr12.pfb><C:/Program Files/MiKTeX
 2.9/fonts/type1/public/amsfonts/cm/cmr17.pfb><C:/Program Files/MiKTeX 2.9/font
s/type1/public/amsfonts/cm/cmr8.pfb><C:/Program Files/MiKTeX 2.9/fonts/type1/pu
blic/amsfonts/cm/cmsy10.pfb><C:/Program Files/MiKTeX 2.9/fonts/type1/public/ams
fonts/cm/cmti10.pfb><C:/Program Files/MiKTeX 2.9/fonts/type1/public/amsfonts/cm
/cmti12.pfb>
<<<<<<< HEAD
Output written on report.pdf (12 pages, 9445573 bytes).
PDF statistics:
 117 PDF objects out of 1000 (max. 8388607)
=======
Output written on report.pdf (12 pages, 9452648 bytes).
PDF statistics:
 118 PDF objects out of 1000 (max. 8388607)
>>>>>>> caaf9ebbe3885a4c22467199c00d37cea4563b6b
 0 named destinations out of 1000 (max. 500000)
 51 words of extra memory for PDF output out of 10000 (max. 10000000)

